<?xml version="1.0" encoding="UTF-8"?>
<!-- Generated by org.testng.reporters.JUnitXMLReporter -->
<testsuite ignored="0" hostname="LAPTOP-9NDSKU1M" failures="0" tests="7" name="Test" time="49.812" errors="0" timestamp="2025-08-02T06:30:20 IST">
  <testcase classname="com.BikeRentalManagement.genric.fileutility.BaseClass" name="@BeforeMethod login" time="40.067">
    <failure type="org.openqa.selenium.NoSuchElementException" message="Cannot locate an element using By.all({By.xpath: //input[contains(@name,&amp;apos;username&amp;apos;)],By.xpath: //input[@placeholder=&amp;apos;Username&amp;apos;]})
For documentation on this error, please visit: https://www.selenium.dev/documentation/webdriver/troubleshooting/errors#no-such-element-exception
Build info: version: &amp;apos;4.19.1&amp;apos;, revision: &amp;apos;abe0ee07dc&amp;apos;
System info: os.name: &amp;apos;Windows 11&amp;apos;, os.arch: &amp;apos;amd64&amp;apos;, os.version: &amp;apos;10.0&amp;apos;, java.version: &amp;apos;23.0.2&amp;apos;
Driver info: driver.version: RemoteWebDriver">
      <![CDATA[org.openqa.selenium.NoSuchElementException: Cannot locate an element using By.all({By.xpath: //input[contains(@name,'username')],By.xpath: //input[@placeholder='Username']})
For documentation on this error, please visit: https://www.selenium.dev/documentation/webdriver/troubleshooting/errors#no-such-element-exception
Build info: version: '4.19.1', revision: 'abe0ee07dc'
System info: os.name: 'Windows 11', os.arch: 'amd64', os.version: '10.0', java.version: '23.0.2'
Driver info: driver.version: RemoteWebDriver
at org.openqa.selenium.support.pagefactory.ByAll.findElement(ByAll.java:57)
at org.openqa.selenium.remote.ElementLocation$ElementFinder$1.findElement(ElementLocation.java:139)
at org.openqa.selenium.remote.ElementLocation.findElement(ElementLocation.java:59)
at org.openqa.selenium.remote.RemoteWebDriver.findElement(RemoteWebDriver.java:355)
at org.openqa.selenium.remote.RemoteWebDriver.findElement(RemoteWebDriver.java:349)
at org.openqa.selenium.support.pagefactory.DefaultElementLocator.findElement(DefaultElementLocator.java:68)
at org.openqa.selenium.support.pagefactory.internal.LocatingElementHandler.invoke(LocatingElementHandler.java:38)
at jdk.proxy2/jdk.proxy2.$Proxy20.sendKeys(Unknown Source)
at com.BikeRentalManagement.genric.fileutility.BaseClass.login(BaseClass.java:63)
at java.base/java.util.ArrayList.forEach(ArrayList.java:1597)
... Removed 29 stack frames]]>
    </failure>
  </testcase> <!-- @BeforeMethod login -->
  <testcase classname="com.BikeRentalManagement.genric.fileutility.BaseClass" name="@AfterMethod logout" time="0.0">
    <skipped/>
  </testcase> <!-- @AfterMethod logout -->
  <testcase classname="com.BikeRentalManagement.genric.fileutility.BaseClass" name="@BeforeMethod login" time="0.0">
    <skipped/>
  </testcase> <!-- @BeforeMethod login -->
  <testcase classname="com.BikeRentalManagement.genric.fileutility.BaseClass" name="@AfterMethod logout" time="0.0">
    <skipped/>
  </testcase> <!-- @AfterMethod logout -->
  <testcase classname="com.BikeRentalManagement.genric.fileutility.BaseClass" name="@BeforeMethod login" time="0.0">
    <skipped/>
  </testcase> <!-- @BeforeMethod login -->
  <testcase classname="com.BikeRentalManagement.genric.fileutility.BaseClass" name="@AfterMethod logout" time="0.0">
    <skipped/>
  </testcase> <!-- @AfterMethod logout -->
  <testcase classname="com.BikeRentalManagement.genric.fileutility.BaseClass" name="@BeforeMethod login" time="0.0">
    <skipped/>
  </testcase> <!-- @BeforeMethod login -->
  <testcase classname="com.BikeRentalManagement.genric.fileutility.BaseClass" name="@AfterMethod logout" time="0.0">
    <skipped/>
  </testcase> <!-- @AfterMethod logout -->
  <testcase classname="com.BikeRentalManagement.genric.fileutility.BaseClass" name="@BeforeMethod login" time="0.0">
    <skipped/>
  </testcase> <!-- @BeforeMethod login -->
  <testcase classname="com.BikeRentalManagement.genric.fileutility.BaseClass" name="@AfterMethod logout" time="0.0">
    <skipped/>
  </testcase> <!-- @AfterMethod logout -->
  <testcase classname="com.BikeRentalManagement.genric.fileutility.BaseClass" name="@AfterClass closeBrowser" time="0.0">
    <skipped/>
  </testcase> <!-- @AfterClass closeBrowser -->
  <testcase classname="com.BikeRentalManagement.AdminLogin.AdminLoginTest" name="adminLoginTest" time="0.063"/>
  <testcase classname="com.BikeRentalManagement.Dashboard.DashboardTest" name="verifyNavigationToDashboard" time="0.369"/>
  <testcase classname="com.BikeRentalManagement.Dashboard.DashboardTest" name="verifyPageRedirectsToBrandsClickingUponBrandsLinkinDashboard" time="0.0">
    <skipped/>
  </testcase> <!-- verifyPageRedirectsToBrandsClickingUponBrandsLinkinDashboard -->
  <testcase classname="com.BikeRentalManagement.Dashboard.DashboardTest" name="verifyPageRedirectsToListedVehiclesClickingUponListedVehiclesLinkinDashboard" time="0.0">
    <skipped/>
  </testcase> <!-- verifyPageRedirectsToListedVehiclesClickingUponListedVehiclesLinkinDashboard -->
  <testcase classname="com.BikeRentalManagement.Dashboard.DashboardTest" name="verifyPageRedirectsToRegUserClickingUponRegUsersLinkinDashboard" time="0.0">
    <skipped/>
  </testcase> <!-- verifyPageRedirectsToRegUserClickingUponRegUsersLinkinDashboard -->
  <testcase classname="com.BikeRentalManagement.Dashboard.DashboardTest" name="verifyPageRedirectsToSubscribesrClickingUponSubscribesLinkinDashboard" time="0.0">
    <skipped/>
  </testcase> <!-- verifyPageRedirectsToSubscribesrClickingUponSubscribesLinkinDashboard -->
  <testcase classname="com.BikeRentalManagement.Dashboard.DashboardTest" name="verifyPageRedirectsToTotalBookingsClickingUponTotalBookingsLinkinDashboard" time="0.0">
    <skipped/>
  </testcase> <!-- verifyPageRedirectsToTotalBookingsClickingUponTotalBookingsLinkinDashboard -->
</testsuite> <!-- Test -->
