<?xml version="1.0" encoding="UTF-8"?>
<testng-results ignored="0" total="1" passed="1" failed="0" skipped="0">
  <reporter-output>
  </reporter-output>
  <suite started-at="2025-04-02T11:03:06 IST" name="Suite" finished-at="2025-04-02T11:03:54 IST" duration-ms="48051">
    <groups>
    </groups>
    <test started-at="2025-04-02T11:03:06 IST" name="Test" finished-at="2025-04-02T11:03:54 IST" duration-ms="48051">
      <class name="com.BikeRentalManagement.AdminLogin.AdminLoginTest">
        <test-method is-config="true" signature="browserConfigurations()[pri:0, instance:com.BikeRentalManagement.AdminLogin.AdminLoginTest@55182842]" started-at="2025-04-02T11:03:06 IST" name="browserConfigurations" finished-at="2025-04-02T11:03:49 IST" duration-ms="42729" status="PASS">
          <reporter-output>
          </reporter-output>
        </test-method> <!-- browserConfigurations -->
        <test-method is-config="true" signature="login()[pri:0, instance:com.BikeRentalManagement.AdminLogin.AdminLoginTest@55182842]" started-at="2025-04-02T11:03:49 IST" name="login" finished-at="2025-04-02T11:03:53 IST" duration-ms="4074" status="PASS">
          <reporter-output>
          </reporter-output>
        </test-method> <!-- login -->
        <test-method signature="adminLoginTest()[pri:0, instance:com.BikeRentalManagement.AdminLogin.AdminLoginTest@55182842]" started-at="2025-04-02T11:03:53 IST" name="adminLoginTest" finished-at="2025-04-02T11:03:53 IST" duration-ms="242" status="PASS">
          <reporter-output>
          </reporter-output>
        </test-method> <!-- adminLoginTest -->
        <test-method is-config="true" signature="logout()[pri:0, instance:com.BikeRentalManagement.AdminLogin.AdminLoginTest@55182842]" started-at="2025-04-02T11:03:54 IST" name="logout" finished-at="2025-04-02T11:03:54 IST" duration-ms="2" status="PASS">
          <reporter-output>
          </reporter-output>
        </test-method> <!-- logout -->
        <test-method is-config="true" signature="closeBrowser()[pri:0, instance:com.BikeRentalManagement.AdminLogin.AdminLoginTest@55182842]" started-at="2025-04-02T11:03:54 IST" name="closeBrowser" finished-at="2025-04-02T11:03:54 IST" duration-ms="901" status="PASS">
          <reporter-output>
          </reporter-output>
        </test-method> <!-- closeBrowser -->
      </class> <!-- com.BikeRentalManagement.AdminLogin.AdminLoginTest -->
    </test> <!-- Test -->
  </suite> <!-- Suite -->
</testng-results>
